==4909== Memcheck, a memory error detector
==4909== Copyright (C) 2002-2017, and GNU GPL'd, by Julian Seward et al.
==4909== Using Valgrind-3.13.0 and LibVEX; rerun with -h for copyright info
==4909== Command: ./bst_test
==4909== 
==4909== 
==4909== HEAP SUMMARY:
==4909==     in use at exit: 112,912 bytes in 719 blocks
==4909==   total heap usage: 2,597 allocs, 1,878 frees, 308,917 bytes allocated
==4909== 
==4909== 56 bytes in 1 blocks are definitely lost in loss record 1 of 5
==4909==    at 0x4C2E17F: operator new(unsigned long) (in /usr/lib/valgrind/vgpreload_memcheck-amd64-linux.so)
==4909==    by 0x40A19A: BinarySearchTree<int, double>::insert(std::pair<int const, double> const&) (bst.h:645)
==4909==    by 0x406F5C: BSTTest_Test9_TwoChildrenRemove_Test::TestBody() (hw7_bst_test.cpp:150)
==4909==    by 0x432F22: void testing::internal::HandleExceptionsInMethodIfSupported<testing::Test, void>(testing::Test*, void (testing::Test::*)(), char const*) (in /home/cs104/Desktop/cs104/hw-lhampson/hw7/hw7-check/bst_test)
==4909==    by 0x42A9B3: testing::Test::Run() [clone .part.368] (in /home/cs104/Desktop/cs104/hw-lhampson/hw7/hw7-check/bst_test)
==4909==    by 0x42AC6C: testing::TestInfo::Run() [clone .part.369] (in /home/cs104/Desktop/cs104/hw-lhampson/hw7/hw7-check/bst_test)
==4909==    by 0x42AE54: testing::TestCase::Run() [clone .part.370] (in /home/cs104/Desktop/cs104/hw-lhampson/hw7/hw7-check/bst_test)
==4909==    by 0x42D300: testing::internal::UnitTestImpl::RunAllTests() [clone .part.371] [clone .constprop.426] (in /home/cs104/Desktop/cs104/hw-lhampson/hw7/hw7-check/bst_test)
==4909==    by 0x42D710: testing::UnitTest::Run() (in /home/cs104/Desktop/cs104/hw-lhampson/hw7/hw7-check/bst_test)
==4909==    by 0x40439F: main (in /home/cs104/Desktop/cs104/hw-lhampson/hw7/hw7-check/bst_test)
==4909== 
==4909== 56 bytes in 1 blocks are definitely lost in loss record 2 of 5
==4909==    at 0x4C2E17F: operator new(unsigned long) (in /usr/lib/valgrind/vgpreload_memcheck-amd64-linux.so)
==4909==    by 0x40A19A: BinarySearchTree<int, double>::insert(std::pair<int const, double> const&) (bst.h:645)
==4909==    by 0x407874: BSTTest_Test10_TwoChildrenRemove_Test::TestBody() (hw7_bst_test.cpp:171)
==4909==    by 0x432F22: void testing::internal::HandleExceptionsInMethodIfSupported<testing::Test, void>(testing::Test*, void (testing::Test::*)(), char const*) (in /home/cs104/Desktop/cs104/hw-lhampson/hw7/hw7-check/bst_test)
==4909==    by 0x42A9B3: testing::Test::Run() [clone .part.368] (in /home/cs104/Desktop/cs104/hw-lhampson/hw7/hw7-check/bst_test)
==4909==    by 0x42AC6C: testing::TestInfo::Run() [clone .part.369] (in /home/cs104/Desktop/cs104/hw-lhampson/hw7/hw7-check/bst_test)
==4909==    by 0x42AE54: testing::TestCase::Run() [clone .part.370] (in /home/cs104/Desktop/cs104/hw-lhampson/hw7/hw7-check/bst_test)
==4909==    by 0x42D300: testing::internal::UnitTestImpl::RunAllTests() [clone .part.371] [clone .constprop.426] (in /home/cs104/Desktop/cs104/hw-lhampson/hw7/hw7-check/bst_test)
==4909==    by 0x42D710: testing::UnitTest::Run() (in /home/cs104/Desktop/cs104/hw-lhampson/hw7/hw7-check/bst_test)
==4909==    by 0x40439F: main (in /home/cs104/Desktop/cs104/hw-lhampson/hw7/hw7-check/bst_test)
==4909== 
==4909== 40,096 (112 direct, 39,984 indirect) bytes in 2 blocks are definitely lost in loss record 4 of 5
==4909==    at 0x4C2E17F: operator new(unsigned long) (in /usr/lib/valgrind/vgpreload_memcheck-amd64-linux.so)
==4909==    by 0x40A19A: BinarySearchTree<int, double>::insert(std::pair<int const, double> const&) (bst.h:645)
==4909==    by 0x40471D: BSTTest::stressTestRemove(unsigned long, unsigned int) (hw7_bst_test.cpp:38)
==4909==    by 0x408E21: BSTTest_Stress2_Remove1000_Test::TestBody() (hw7_bst_test.cpp:228)
==4909==    by 0x432F22: void testing::internal::HandleExceptionsInMethodIfSupported<testing::Test, void>(testing::Test*, void (testing::Test::*)(), char const*) (in /home/cs104/Desktop/cs104/hw-lhampson/hw7/hw7-check/bst_test)
==4909==    by 0x42A9B3: testing::Test::Run() [clone .part.368] (in /home/cs104/Desktop/cs104/hw-lhampson/hw7/hw7-check/bst_test)
==4909==    by 0x42AC6C: testing::TestInfo::Run() [clone .part.369] (in /home/cs104/Desktop/cs104/hw-lhampson/hw7/hw7-check/bst_test)
==4909==    by 0x42AE54: testing::TestCase::Run() [clone .part.370] (in /home/cs104/Desktop/cs104/hw-lhampson/hw7/hw7-check/bst_test)
==4909==    by 0x42D300: testing::internal::UnitTestImpl::RunAllTests() [clone .part.371] [clone .constprop.426] (in /home/cs104/Desktop/cs104/hw-lhampson/hw7/hw7-check/bst_test)
==4909==    by 0x42D710: testing::UnitTest::Run() (in /home/cs104/Desktop/cs104/hw-lhampson/hw7/hw7-check/bst_test)
==4909==    by 0x40439F: main (in /home/cs104/Desktop/cs104/hw-lhampson/hw7/hw7-check/bst_test)
==4909== 
==4909== LEAK SUMMARY:
==4909==    definitely lost: 224 bytes in 4 blocks
==4909==    indirectly lost: 39,984 bytes in 714 blocks
==4909==      possibly lost: 0 bytes in 0 blocks
==4909==    still reachable: 0 bytes in 0 blocks
==4909==         suppressed: 72,704 bytes in 1 blocks
==4909== 
==4909== For counts of detected and suppressed errors, rerun with: -v
==4909== ERROR SUMMARY: 3 errors from 3 contexts (suppressed: 0 from 0)
make: [test] Error 1 (ignored)
==4910== Memcheck, a memory error detector
==4910== Copyright (C) 2002-2017, and GNU GPL'd, by Julian Seward et al.
==4910== Using Valgrind-3.13.0 and LibVEX; rerun with -h for copyright info
==4910== Command: ./rotate_test
==4910== 
==4910== Conditional jump or move depends on uninitialised value(s)
==4910==    at 0x4078CA: testing::AssertionResult testing::internal::CmpHelperNE<decltype(nullptr), Node<int, double>*>(char const*, char const*, decltype(nullptr) const&, Node<int, double>* const&) (gtest.h:1577)
==4910==    by 0x405874: RotateTest_Test1_LeftRotate_Test::TestBody() (hw7_rotate_test.cpp:93)
==4910==    by 0x434382: void testing::internal::HandleExceptionsInMethodIfSupported<testing::Test, void>(testing::Test*, void (testing::Test::*)(), char const*) (in /home/cs104/Desktop/cs104/hw-lhampson/hw7/hw7-check/rotate_test)
==4910==    by 0x42BE13: testing::Test::Run() [clone .part.368] (in /home/cs104/Desktop/cs104/hw-lhampson/hw7/hw7-check/rotate_test)
==4910==    by 0x42C0CC: testing::TestInfo::Run() [clone .part.369] (in /home/cs104/Desktop/cs104/hw-lhampson/hw7/hw7-check/rotate_test)
==4910==    by 0x42C2B4: testing::TestCase::Run() [clone .part.370] (in /home/cs104/Desktop/cs104/hw-lhampson/hw7/hw7-check/rotate_test)
==4910==    by 0x42E760: testing::internal::UnitTestImpl::RunAllTests() [clone .part.371] [clone .constprop.426] (in /home/cs104/Desktop/cs104/hw-lhampson/hw7/hw7-check/rotate_test)
==4910==    by 0x42EB70: testing::UnitTest::Run() (in /home/cs104/Desktop/cs104/hw-lhampson/hw7/hw7-check/rotate_test)
==4910==    by 0x4047BF: main (in /home/cs104/Desktop/cs104/hw-lhampson/hw7/hw7-check/rotate_test)
==4910== 
==4910== Conditional jump or move depends on uninitialised value(s)
==4910==    at 0x40E4CD: void testing::internal::DefaultPrintTo<Node<int, double> >(char, testing::internal::bool_constant<true>, Node<int, double>*, std::ostream*) (gtest-printers.h:306)
==4910==    by 0x40E263: void testing::internal::PrintTo<Node<int, double>*>(Node<int, double>* const&, std::ostream*) (gtest-printers.h:376)
==4910==    by 0x40DFEF: testing::internal::UniversalPrinter<Node<int, double>*>::Print(Node<int, double>* const&, std::ostream*) (gtest-printers.h:600)
==4910==    by 0x40DC88: void testing::internal::UniversalPrint<Node<int, double>*>(Node<int, double>* const&, std::ostream*) (gtest-printers.h:756)
==4910==    by 0x40D5C8: testing::internal::UniversalTersePrinter<Node<int, double>*>::Print(Node<int, double>* const&, std::ostream*) (gtest-printers.h:684)
==4910==    by 0x40CBA2: std::__cxx11::basic_string<char, std::char_traits<char>, std::allocator<char> > testing::PrintToString<Node<int, double>*>(Node<int, double>* const&) (gtest-printers.h:849)
==4910==    by 0x40BA28: testing::internal::FormatForComparison<Node<int, double>*, decltype(nullptr)>::Format(Node<int, double>* const&) (gtest.h:1358)
==4910==    by 0x408CCB: std::__cxx11::basic_string<char, std::char_traits<char>, std::allocator<char> > testing::internal::FormatForComparisonFailureMessage<Node<int, double>*, decltype(nullptr)>(Node<int, double>* const&, decltype(nullptr) const&) (gtest.h:1433)
==4910==    by 0x4078F9: testing::AssertionResult testing::internal::CmpHelperNE<decltype(nullptr), Node<int, double>*>(char const*, char const*, decltype(nullptr) const&, Node<int, double>* const&) (gtest.h:1577)
==4910==    by 0x405874: RotateTest_Test1_LeftRotate_Test::TestBody() (hw7_rotate_test.cpp:93)
==4910==    by 0x434382: void testing::internal::HandleExceptionsInMethodIfSupported<testing::Test, void>(testing::Test*, void (testing::Test::*)(), char const*) (in /home/cs104/Desktop/cs104/hw-lhampson/hw7/hw7-check/rotate_test)
==4910==    by 0x42BE13: testing::Test::Run() [clone .part.368] (in /home/cs104/Desktop/cs104/hw-lhampson/hw7/hw7-check/rotate_test)
==4910== 
==4910== Conditional jump or move depends on uninitialised value(s)
==4910==    at 0x4078CA: testing::AssertionResult testing::internal::CmpHelperNE<decltype(nullptr), Node<int, double>*>(char const*, char const*, decltype(nullptr) const&, Node<int, double>* const&) (gtest.h:1577)
==4910==    by 0x405B32: RotateTest_Test2_RightRotate_Test::TestBody() (hw7_rotate_test.cpp:107)
==4910==    by 0x434382: void testing::internal::HandleExceptionsInMethodIfSupported<testing::Test, void>(testing::Test*, void (testing::Test::*)(), char const*) (in /home/cs104/Desktop/cs104/hw-lhampson/hw7/hw7-check/rotate_test)
==4910==    by 0x42BE13: testing::Test::Run() [clone .part.368] (in /home/cs104/Desktop/cs104/hw-lhampson/hw7/hw7-check/rotate_test)
==4910==    by 0x42C0CC: testing::TestInfo::Run() [clone .part.369] (in /home/cs104/Desktop/cs104/hw-lhampson/hw7/hw7-check/rotate_test)
==4910==    by 0x42C2B4: testing::TestCase::Run() [clone .part.370] (in /home/cs104/Desktop/cs104/hw-lhampson/hw7/hw7-check/rotate_test)
==4910==    by 0x42E760: testing::internal::UnitTestImpl::RunAllTests() [clone .part.371] [clone .constprop.426] (in /home/cs104/Desktop/cs104/hw-lhampson/hw7/hw7-check/rotate_test)
==4910==    by 0x42EB70: testing::UnitTest::Run() (in /home/cs104/Desktop/cs104/hw-lhampson/hw7/hw7-check/rotate_test)
==4910==    by 0x4047BF: main (in /home/cs104/Desktop/cs104/hw-lhampson/hw7/hw7-check/rotate_test)
==4910== 
==4910== Conditional jump or move depends on uninitialised value(s)
==4910==    at 0x40AF31: rotateBST<int, int>::sameKeys(rotateBST<int, int> const&) const (rotateBST.h:206)
==4910==    by 0x4083AE: rotateBST<int, int>::transform(rotateBST<int, int>&) const (rotateBST.h:249)
==4910==    by 0x405EAE: RotateTest_Test3_Transform_Test::TestBody() (hw7_rotate_test.cpp:123)
==4910==    by 0x434382: void testing::internal::HandleExceptionsInMethodIfSupported<testing::Test, void>(testing::Test*, void (testing::Test::*)(), char const*) (in /home/cs104/Desktop/cs104/hw-lhampson/hw7/hw7-check/rotate_test)
==4910==    by 0x42BE13: testing::Test::Run() [clone .part.368] (in /home/cs104/Desktop/cs104/hw-lhampson/hw7/hw7-check/rotate_test)
==4910==    by 0x42C0CC: testing::TestInfo::Run() [clone .part.369] (in /home/cs104/Desktop/cs104/hw-lhampson/hw7/hw7-check/rotate_test)
==4910==    by 0x42C2B4: testing::TestCase::Run() [clone .part.370] (in /home/cs104/Desktop/cs104/hw-lhampson/hw7/hw7-check/rotate_test)
==4910==    by 0x42E760: testing::internal::UnitTestImpl::RunAllTests() [clone .part.371] [clone .constprop.426] (in /home/cs104/Desktop/cs104/hw-lhampson/hw7/hw7-check/rotate_test)
==4910==    by 0x42EB70: testing::UnitTest::Run() (in /home/cs104/Desktop/cs104/hw-lhampson/hw7/hw7-check/rotate_test)
==4910==    by 0x4047BF: main (in /home/cs104/Desktop/cs104/hw-lhampson/hw7/hw7-check/rotate_test)
==4910== 
==4910== Use of uninitialised value of size 8
==4910==    at 0x40C7F4: void inOrderTraversalHelper<int, int>(std::vector<int, std::allocator<int> >&, Node<int, int>*) (rotateBST.h:44)
==4910==    by 0x40AF49: rotateBST<int, int>::sameKeys(rotateBST<int, int> const&) const (rotateBST.h:207)
==4910==    by 0x4083AE: rotateBST<int, int>::transform(rotateBST<int, int>&) const (rotateBST.h:249)
==4910==    by 0x405EAE: RotateTest_Test3_Transform_Test::TestBody() (hw7_rotate_test.cpp:123)
==4910==    by 0x434382: void testing::internal::HandleExceptionsInMethodIfSupported<testing::Test, void>(testing::Test*, void (testing::Test::*)(), char const*) (in /home/cs104/Desktop/cs104/hw-lhampson/hw7/hw7-check/rotate_test)
==4910==    by 0x42BE13: testing::Test::Run() [clone .part.368] (in /home/cs104/Desktop/cs104/hw-lhampson/hw7/hw7-check/rotate_test)
==4910==    by 0x42C0CC: testing::TestInfo::Run() [clone .part.369] (in /home/cs104/Desktop/cs104/hw-lhampson/hw7/hw7-check/rotate_test)
==4910==    by 0x42C2B4: testing::TestCase::Run() [clone .part.370] (in /home/cs104/Desktop/cs104/hw-lhampson/hw7/hw7-check/rotate_test)
==4910==    by 0x42E760: testing::internal::UnitTestImpl::RunAllTests() [clone .part.371] [clone .constprop.426] (in /home/cs104/Desktop/cs104/hw-lhampson/hw7/hw7-check/rotate_test)
==4910==    by 0x42EB70: testing::UnitTest::Run() (in /home/cs104/Desktop/cs104/hw-lhampson/hw7/hw7-check/rotate_test)
==4910==    by 0x4047BF: main (in /home/cs104/Desktop/cs104/hw-lhampson/hw7/hw7-check/rotate_test)
==4910== 
==4910== Invalid read of size 8
==4910==    at 0x40C7F4: void inOrderTraversalHelper<int, int>(std::vector<int, std::allocator<int> >&, Node<int, int>*) (rotateBST.h:44)
==4910==    by 0x40AF49: rotateBST<int, int>::sameKeys(rotateBST<int, int> const&) const (rotateBST.h:207)
==4910==    by 0x4083AE: rotateBST<int, int>::transform(rotateBST<int, int>&) const (rotateBST.h:249)
==4910==    by 0x405EAE: RotateTest_Test3_Transform_Test::TestBody() (hw7_rotate_test.cpp:123)
==4910==    by 0x434382: void testing::internal::HandleExceptionsInMethodIfSupported<testing::Test, void>(testing::Test*, void (testing::Test::*)(), char const*) (in /home/cs104/Desktop/cs104/hw-lhampson/hw7/hw7-check/rotate_test)
==4910==    by 0x42BE13: testing::Test::Run() [clone .part.368] (in /home/cs104/Desktop/cs104/hw-lhampson/hw7/hw7-check/rotate_test)
==4910==    by 0x42C0CC: testing::TestInfo::Run() [clone .part.369] (in /home/cs104/Desktop/cs104/hw-lhampson/hw7/hw7-check/rotate_test)
==4910==    by 0x42C2B4: testing::TestCase::Run() [clone .part.370] (in /home/cs104/Desktop/cs104/hw-lhampson/hw7/hw7-check/rotate_test)
==4910==    by 0x42E760: testing::internal::UnitTestImpl::RunAllTests() [clone .part.371] [clone .constprop.426] (in /home/cs104/Desktop/cs104/hw-lhampson/hw7/hw7-check/rotate_test)
==4910==    by 0x42EB70: testing::UnitTest::Run() (in /home/cs104/Desktop/cs104/hw-lhampson/hw7/hw7-check/rotate_test)
==4910==    by 0x4047BF: main (in /home/cs104/Desktop/cs104/hw-lhampson/hw7/hw7-check/rotate_test)
==4910==  Address 0x1102 is not stack'd, malloc'd or (recently) free'd
==4910== 
==4910== 
==4910== Process terminating with default action of signal 11 (SIGSEGV)
==4910==  Access not within mapped region at address 0x1102
==4910==    at 0x40C7F4: void inOrderTraversalHelper<int, int>(std::vector<int, std::allocator<int> >&, Node<int, int>*) (rotateBST.h:44)
==4910==    by 0x40AF49: rotateBST<int, int>::sameKeys(rotateBST<int, int> const&) const (rotateBST.h:207)
==4910==    by 0x4083AE: rotateBST<int, int>::transform(rotateBST<int, int>&) const (rotateBST.h:249)
==4910==    by 0x405EAE: RotateTest_Test3_Transform_Test::TestBody() (hw7_rotate_test.cpp:123)
==4910==    by 0x434382: void testing::internal::HandleExceptionsInMethodIfSupported<testing::Test, void>(testing::Test*, void (testing::Test::*)(), char const*) (in /home/cs104/Desktop/cs104/hw-lhampson/hw7/hw7-check/rotate_test)
==4910==    by 0x42BE13: testing::Test::Run() [clone .part.368] (in /home/cs104/Desktop/cs104/hw-lhampson/hw7/hw7-check/rotate_test)
==4910==    by 0x42C0CC: testing::TestInfo::Run() [clone .part.369] (in /home/cs104/Desktop/cs104/hw-lhampson/hw7/hw7-check/rotate_test)
==4910==    by 0x42C2B4: testing::TestCase::Run() [clone .part.370] (in /home/cs104/Desktop/cs104/hw-lhampson/hw7/hw7-check/rotate_test)
==4910==    by 0x42E760: testing::internal::UnitTestImpl::RunAllTests() [clone .part.371] [clone .constprop.426] (in /home/cs104/Desktop/cs104/hw-lhampson/hw7/hw7-check/rotate_test)
==4910==    by 0x42EB70: testing::UnitTest::Run() (in /home/cs104/Desktop/cs104/hw-lhampson/hw7/hw7-check/rotate_test)
==4910==    by 0x4047BF: main (in /home/cs104/Desktop/cs104/hw-lhampson/hw7/hw7-check/rotate_test)
==4910==  If you believe this happened as a result of a stack
==4910==  overflow in your program's main thread (unlikely but
==4910==  possible), you can try to increase the size of the
==4910==  main thread stack using the --main-stacksize= flag.
==4910==  The main thread stack size used in this run was 8388608.
==4910== 
==4910== HEAP SUMMARY:
==4910==     in use at exit: 75,949 bytes in 43 blocks
==4910==   total heap usage: 303 allocs, 260 frees, 139,906 bytes allocated
==4910== 
==4910== LEAK SUMMARY:
==4910==    definitely lost: 0 bytes in 0 blocks
==4910==    indirectly lost: 0 bytes in 0 blocks
==4910==      possibly lost: 0 bytes in 0 blocks
==4910==    still reachable: 3,245 bytes in 42 blocks
==4910==         suppressed: 72,704 bytes in 1 blocks
==4910== Reachable blocks (those to which a pointer was found) are not shown.
==4910== To see them, rerun with: --leak-check=full --show-leak-kinds=all
==4910== 
==4910== For counts of detected and suppressed errors, rerun with: -v
==4910== Use --track-origins=yes to see where uninitialised values come from
==4910== ERROR SUMMARY: 7 errors from 6 contexts (suppressed: 0 from 0)
make: [test] Segmentation fault (core dumped) (ignored)
